Using pre-set license
Built from '2022.3/release' branch; Version is '2022.3.5f1 (9674261d40ee) revision 9860134'; Using compiler version '192829333'; Build Type 'Release'
OS: 'Windows 10  (10.0.19045) 64bit Professional' Language: 'es' Physical Memory: 16249 MB
BatchMode: 1, IsHumanControllingUs: 0, StartBugReporterOnCrash: 0, Is64bit: 1, IsPro: 1

COMMAND LINE ARGUMENTS:
D:\ProgramasProgramar\Unity Editor\2022.3.5f1\Editor\Unity.exe
-adb2
-batchMode
-noUpm
-name
AssetImportWorker0
-projectPath
C:/Users/gaboe/OneDrive/Escritorio/Proyectos Personales/RA_GI_3D
-logFile
Logs/AssetImportWorker0.log
-srvPort
62017
Successfully changed project path to: C:/Users/gaboe/OneDrive/Escritorio/Proyectos Personales/RA_GI_3D
C:/Users/gaboe/OneDrive/Escritorio/Proyectos Personales/RA_GI_3D
[UnityMemory] Configuration Parameters - Can be set up in boot.config
    "memorysetup-bucket-allocator-granularity=16"
    "memorysetup-bucket-allocator-bucket-count=8"
    "memorysetup-bucket-allocator-block-size=33554432"
    "memorysetup-bucket-allocator-block-count=8"
    "memorysetup-main-allocator-block-size=16777216"
    "memorysetup-thread-allocator-block-size=16777216"
    "memorysetup-gfx-main-allocator-block-size=16777216"
    "memorysetup-gfx-thread-allocator-block-size=16777216"
    "memorysetup-cache-allocator-block-size=4194304"
    "memorysetup-typetree-allocator-block-size=2097152"
    "memorysetup-profiler-bucket-allocator-granularity=16"
    "memorysetup-profiler-bucket-allocator-bucket-count=8"
    "memorysetup-profiler-bucket-allocator-block-size=33554432"
    "memorysetup-profiler-bucket-allocator-block-count=8"
    "memorysetup-profiler-allocator-block-size=16777216"
    "memorysetup-profiler-editor-allocator-block-size=1048576"
    "memorysetup-temp-allocator-size-main=16777216"
    "memorysetup-job-temp-allocator-block-size=2097152"
    "memorysetup-job-temp-allocator-block-size-background=1048576"
    "memorysetup-job-temp-allocator-reduction-small-platforms=262144"
    "memorysetup-allocator-temp-initial-block-size-main=262144"
    "memorysetup-allocator-temp-initial-block-size-worker=262144"
    "memorysetup-temp-allocator-size-background-worker=32768"
    "memorysetup-temp-allocator-size-job-worker=262144"
    "memorysetup-temp-allocator-size-preload-manager=33554432"
    "memorysetup-temp-allocator-size-nav-mesh-worker=65536"
    "memorysetup-temp-allocator-size-audio-worker=65536"
    "memorysetup-temp-allocator-size-cloud-worker=32768"
    "memorysetup-temp-allocator-size-gi-baking-worker=262144"
    "memorysetup-temp-allocator-size-gfx=262144"
Player connection [11652] Host "[IP] 192.168.1.87 [Port] 0 [Flags] 2 [Guid] 3308117871 [EditorId] 3308117871 [Version] 1048832 [Id] WindowsEditor(7,DESKTOP-86D8R87) [Debug] 1 [PackageName] WindowsEditor [ProjectName] Editor" joined multi-casting on [225.0.0.222:54997]...

Player connection [11652] Host "[IP] 192.168.1.87 [Port] 0 [Flags] 2 [Guid] 3308117871 [EditorId] 3308117871 [Version] 1048832 [Id] WindowsEditor(7,DESKTOP-86D8R87) [Debug] 1 [PackageName] WindowsEditor [ProjectName] Editor" joined alternative multi-casting on [225.0.0.222:34997]...

Refreshing native plugins compatible for Editor in 31.21 ms, found 3 plugins.
Preloading 0 native plugins for Editor in 0.00 ms.
Initialize engine version: 2022.3.5f1 (9674261d40ee)
[Subsystems] Discovering subsystems at path D:/ProgramasProgramar/Unity Editor/2022.3.5f1/Editor/Data/Resources/UnitySubsystems
[Subsystems] Discovering subsystems at path C:/Users/gaboe/OneDrive/Escritorio/Proyectos Personales/RA_GI_3D/Assets
GfxDevice: creating device client; threaded=0; jobified=0
Direct3D:
    Version:  Direct3D 11.0 [level 11.1]
    Renderer: NVIDIA GeForce GTX 1050 Ti (ID=0x1c82)
    Vendor:   NVIDIA
    VRAM:     4017 MB
    Driver:   31.0.15.3640
Initialize mono
Mono path[0] = 'D:/ProgramasProgramar/Unity Editor/2022.3.5f1/Editor/Data/Managed'
Mono path[1] = 'D:/ProgramasProgramar/Unity Editor/2022.3.5f1/Editor/Data/MonoBleedingEdge/lib/mono/unityjit-win32'
Mono config path = 'D:/ProgramasProgramar/Unity Editor/2022.3.5f1/Editor/Data/MonoBleedingEdge/etc'
Using monoOptions --debugger-agent=transport=dt_socket,embedding=1,server=y,suspend=n,address=127.0.0.1:56920
Begin MonoManager ReloadAssembly
Registering precompiled unity dll's ...
Register platform support module: D:/ProgramasProgramar/Unity Editor/2022.3.5f1/Editor/Data/PlaybackEngines/WindowsStandaloneSupport/UnityEditor.WindowsStandalone.Extensions.dll
Registered in 0.015143 seconds.
- Loaded All Assemblies, in  1.766 seconds
Native extension for WindowsStandalone target not found
Mono: successfully reloaded assembly
- Finished resetting the current domain, in  1.555 seconds
Domain Reload Profiling: 3321ms
	BeginReloadAssembly (502ms)
		ExecutionOrderSort (0ms)
		DisableScriptedObjects (0ms)
		BackupInstance (0ms)
		ReleaseScriptingObjects (0ms)
		CreateAndSetChildDomain (6ms)
	RebuildCommonClasses (162ms)
	RebuildNativeTypeToScriptingClass (37ms)
	initialDomainReloadingComplete (297ms)
	LoadAllAssembliesAndSetupDomain (767ms)
		LoadAssemblies (494ms)
		RebuildTransferFunctionScriptingTraits (0ms)
		AnalyzeDomain (755ms)
			TypeCache.Refresh (753ms)
				TypeCache.ScanAssembly (709ms)
			ScanForSourceGeneratedMonoScriptInfo (1ms)
			ResolveRequiredComponents (1ms)
	FinalizeReload (1557ms)
		ReleaseScriptCaches (0ms)
		RebuildScriptCaches (0ms)
		SetupLoadedEditorAssemblies (1280ms)
			LogAssemblyErrors (0ms)
			InitializePlatformSupportModulesInManaged (35ms)
			SetLoadedEditorAssemblies (50ms)
			RefreshPlugins (0ms)
			BeforeProcessingInitializeOnLoad (7ms)
			ProcessInitializeOnLoadAttributes (919ms)
			ProcessInitializeOnLoadMethodAttributes (270ms)
			AfterProcessingInitializeOnLoad (0ms)
			EditorAssembliesLoaded (0ms)
		ExecutionOrderSort2 (0ms)
		AwakeInstancesAfterBackupRestoration (0ms)
========================================================================
Worker process is ready to serve import requests
Begin MonoManager ReloadAssembly
Symbol file LoadedFromMemory doesn't match image C:\Users\gaboe\OneDrive\Escritorio\Proyectos Personales\RA_GI_3D\Library\PackageCache\com.unity.visualscripting@1.8.0\Editor\VisualScripting.Core\Dependencies\YamlDotNet\Unity.VisualScripting.YamlDotNet.dll
Symbol file LoadedFromMemory doesn't match image C:\Users\gaboe\OneDrive\Escritorio\Proyectos Personales\RA_GI_3D\Library\PackageCache\com.unity.visualscripting@1.8.0\Editor\VisualScripting.Core\Dependencies\DotNetZip\Unity.VisualScripting.IonicZip.dll
- Loaded All Assemblies, in  3.349 seconds
Refreshing native plugins compatible for Editor in 5.55 ms, found 3 plugins.
Native extension for WindowsStandalone target not found
Mono: successfully reloaded assembly
- Finished resetting the current domain, in  2.469 seconds
Domain Reload Profiling: 5814ms
	BeginReloadAssembly (980ms)
		ExecutionOrderSort (0ms)
		DisableScriptedObjects (36ms)
		BackupInstance (0ms)
		ReleaseScriptingObjects (0ms)
		CreateAndSetChildDomain (380ms)
	RebuildCommonClasses (200ms)
	RebuildNativeTypeToScriptingClass (43ms)
	initialDomainReloadingComplete (171ms)
	LoadAllAssembliesAndSetupDomain (1949ms)
		LoadAssemblies (1440ms)
		RebuildTransferFunctionScriptingTraits (0ms)
		AnalyzeDomain (830ms)
			TypeCache.Refresh (786ms)
				TypeCache.ScanAssembly (759ms)
			ScanForSourceGeneratedMonoScriptInfo (32ms)
			ResolveRequiredComponents (12ms)
	FinalizeReload (2470ms)
		ReleaseScriptCaches (0ms)
		RebuildScriptCaches (0ms)
		SetupLoadedEditorAssemblies (1836ms)
			LogAssemblyErrors (0ms)
			InitializePlatformSupportModulesInManaged (14ms)
			SetLoadedEditorAssemblies (50ms)
			RefreshPlugins (0ms)
			BeforeProcessingInitializeOnLoad (352ms)
			ProcessInitializeOnLoadAttributes (1321ms)
			ProcessInitializeOnLoadMethodAttributes (92ms)
			AfterProcessingInitializeOnLoad (6ms)
			EditorAssembliesLoaded (0ms)
		ExecutionOrderSort2 (0ms)
		AwakeInstancesAfterBackupRestoration (43ms)
Launched and connected shader compiler UnityShaderCompiler.exe after 0.19 seconds
Refreshing native plugins compatible for Editor in 9.05 ms, found 3 plugins.
Preloading 0 native plugins for Editor in 0.00 ms.
Unloading 3066 Unused Serialized files (Serialized files now loaded: 0)
Unloading 31 unused Assets / (56.4 KB). Loaded Objects now: 3530.
Memory consumption went from 116.3 MB to 116.2 MB.
Total: 7.055600 ms (FindLiveObjects: 0.673500 ms CreateObjectMapping: 2.277400 ms MarkObjects: 3.998700 ms  DeleteObjects: 0.104500 ms)

AssetImportParameters requested are different than current active one (requested -> active):
  custom:container-demuxer-ogg: 62fdf1f143b41e24485cea50d1cbac27 -> 
  custom:video-decoder-ogg-theora: a1e56fd34408186e4bbccfd4996cb3dc -> 
  custom:framework-win-MediaFoundation: 216162199b28c13a410421893ffa2e32 -> 
  custom:container-demuxer-webm: 4f35f7cbe854078d1ac9338744f61a02 -> 
  custom:container-muxer-webm: aa71ff27fc2769a1b78a27578f13a17b -> 
  custom:video-decoder-webm-vp8: 9c59270c3fd7afecdb556c50c9e8de78 -> 
  custom:AudioImporter_EditorPlatform: d09bf68614088b80899f8185d706f6e7 -> 
  custom:video-encoder-webm-vp8: eb34c28f22e8b96e1ab97ce403110664 -> 
  custom:audio-decoder-ogg-vorbis: bf7c407c2cedff20999df2af8eb42d56 -> 
  custom:audio-encoder-webm-vorbis: bf7c407c2cedff20999df2af8eb42d56 -> 
========================================================================
Received Import Request.
  Time since last request: 170416.285291 seconds.
  path: Assets/Characters/mona/mona.fbx
  artifactKey: Guid(17d5e8adca6469647afc8366d74b988a) Importer(815301076,1909f56bfc062723c751e8b465ee728b)
Start importing Assets/Characters/mona/mona.fbx using Guid(17d5e8adca6469647afc8366d74b988a) Importer(815301076,1909f56bfc062723c751e8b465ee728b)  -> (artifact id: 'e134e85385e954854d7576b5ea7dd404') in 1.334809 seconds
Number of updated asset objects reloaded before import = 0
Number of asset objects unloaded after import = 729
========================================================================
Received Import Request.
  Time since last request: 0.000040 seconds.
  path: Assets/Characters/ganyu/materials/Ropa.mat
  artifactKey: Guid(853c3374fac20144889eac0384b4d4f8) Importer(815301076,1909f56bfc062723c751e8b465ee728b)
Start importing Assets/Characters/ganyu/materials/Ropa.mat using Guid(853c3374fac20144889eac0384b4d4f8) Importer(815301076,1909f56bfc062723c751e8b465ee728b)  -> (artifact id: '3cb4403359997cf936a6b4b3d8e11580') in 0.090609 seconds
Number of updated asset objects reloaded before import = 0
Number of asset objects unloaded after import = 6
========================================================================
Received Import Request.
  Time since last request: 0.002201 seconds.
  path: Assets/Characters/ganyu/materials/Pelo.mat
  artifactKey: Guid(23a12171cec2fef4b87fe967d275e505) Importer(815301076,1909f56bfc062723c751e8b465ee728b)
Start importing Assets/Characters/ganyu/materials/Pelo.mat using Guid(23a12171cec2fef4b87fe967d275e505) Importer(815301076,1909f56bfc062723c751e8b465ee728b)  -> (artifact id: 'a1d6e89aa98283e2a9a590f396f77bb1') in 0.080312 seconds
Number of updated asset objects reloaded before import = 0
Number of asset objects unloaded after import = 3
========================================================================
Received Import Request.
  Time since last request: 0.000017 seconds.
  path: Assets/Characters/ganyu/ganyu_blend.fbx
  artifactKey: Guid(5c497d32868bc374e9395eea549fee05) Importer(815301076,1909f56bfc062723c751e8b465ee728b)
Start importing Assets/Characters/ganyu/ganyu_blend.fbx using Guid(5c497d32868bc374e9395eea549fee05) Importer(815301076,1909f56bfc062723c751e8b465ee728b)  -> (artifact id: '82ce3be3e5443f062e75b2168c90f27c') in 0.155592 seconds
Number of updated asset objects reloaded before import = 0
Number of asset objects unloaded after import = 871
========================================================================
Received Prepare
Refreshing native plugins compatible for Editor in 4.70 ms, found 3 plugins.
Preloading 0 native plugins for Editor in 0.00 ms.
Unloading 0 Unused Serialized files (Serialized files now loaded: 0)
Unloading 2 unused Assets / (2.2 KB). Loaded Objects now: 3576.
Memory consumption went from 74.5 MB to 74.5 MB.
Total: 4.757300 ms (FindLiveObjects: 0.286600 ms CreateObjectMapping: 0.255400 ms MarkObjects: 4.136700 ms  DeleteObjects: 0.077300 ms)

Prepare: number of updated asset objects reloaded= 0
AssetImportParameters requested are different than current active one (requested -> active):
  custom:container-demuxer-ogg: 62fdf1f143b41e24485cea50d1cbac27 -> 
  custom:video-decoder-ogg-theora: a1e56fd34408186e4bbccfd4996cb3dc -> 
  custom:framework-win-MediaFoundation: 216162199b28c13a410421893ffa2e32 -> 
  custom:CustomObjectIndexerAttribute: 756ad292c208cfabdd7b50bc23989ffe -> 
  custom:container-demuxer-webm: 4f35f7cbe854078d1ac9338744f61a02 -> 
  custom:container-muxer-webm: aa71ff27fc2769a1b78a27578f13a17b -> 
  custom:video-decoder-webm-vp8: 9c59270c3fd7afecdb556c50c9e8de78 -> 
  custom:AudioImporter_EditorPlatform: d09bf68614088b80899f8185d706f6e7 -> 
  custom:video-encoder-webm-vp8: eb34c28f22e8b96e1ab97ce403110664 -> 
  custom:audio-decoder-ogg-vorbis: bf7c407c2cedff20999df2af8eb42d56 -> 
  custom:audio-encoder-webm-vorbis: bf7c407c2cedff20999df2af8eb42d56 -> 
========================================================================
Received Import Request.
  Time since last request: 31.615659 seconds.
  path: Assets/Characters/mona/mona.fbx
  artifactKey: Guid(17d5e8adca6469647afc8366d74b988a) Importer(815301076,1909f56bfc062723c751e8b465ee728b)
Start importing Assets/Characters/mona/mona.fbx using Guid(17d5e8adca6469647afc8366d74b988a) Importer(815301076,1909f56bfc062723c751e8b465ee728b)  -> (artifact id: '7596b67313af4a7d1d28cf747ff576dc') in 0.395253 seconds
Number of updated asset objects reloaded before import = 0
Number of asset objects unloaded after import = 729
========================================================================
Received Import Request.
  Time since last request: 92.277027 seconds.
  path: Assets/Characters/mona/mona.fbx
  artifactKey: Guid(17d5e8adca6469647afc8366d74b988a) Importer(815301076,1909f56bfc062723c751e8b465ee728b)
Start importing Assets/Characters/mona/mona.fbx using Guid(17d5e8adca6469647afc8366d74b988a) Importer(815301076,1909f56bfc062723c751e8b465ee728b)  -> (artifact id: '1bb428be8524345a5846e9f6f5761f7a') in 0.306505 seconds
Number of updated asset objects reloaded before import = 0
Number of asset objects unloaded after import = 729
========================================================================
Received Import Request.
  Time since last request: 39.733735 seconds.
  path: Assets/Characters/mona/mona.fbx
  artifactKey: Guid(17d5e8adca6469647afc8366d74b988a) Importer(815301076,1909f56bfc062723c751e8b465ee728b)
Start importing Assets/Characters/mona/mona.fbx using Guid(17d5e8adca6469647afc8366d74b988a) Importer(815301076,1909f56bfc062723c751e8b465ee728b)  -> (artifact id: 'b18449c28cb8e98a30dfcbbe0692d6b4') in 0.419908 seconds
Number of updated asset objects reloaded before import = 0
Number of asset objects unloaded after import = 729
========================================================================
Received Import Request.
  Time since last request: 18.854171 seconds.
  path: Assets/Characters/klee/klee_fb.fbx
  artifactKey: Guid(eeca31d48be6bd941ac3698a1be3a949) Importer(815301076,1909f56bfc062723c751e8b465ee728b)
Start importing Assets/Characters/klee/klee_fb.fbx using Guid(eeca31d48be6bd941ac3698a1be3a949) Importer(815301076,1909f56bfc062723c751e8b465ee728b)  -> (artifact id: '23d101aa575aa19ca468dcbd1ebe9032') in 0.417689 seconds
Number of updated asset objects reloaded before import = 0
Number of asset objects unloaded after import = 824
========================================================================
Received Import Request.
  Time since last request: 7.647378 seconds.
  path: Assets/Characters/klee/klee_fb.fbx
  artifactKey: Guid(eeca31d48be6bd941ac3698a1be3a949) Importer(815301076,1909f56bfc062723c751e8b465ee728b)
Start importing Assets/Characters/klee/klee_fb.fbx using Guid(eeca31d48be6bd941ac3698a1be3a949) Importer(815301076,1909f56bfc062723c751e8b465ee728b)  -> (artifact id: '4e6ce8af1ba515285edbd50149ec53a1') in 0.457913 seconds
Number of updated asset objects reloaded before import = 0
Number of asset objects unloaded after import = 824
========================================================================
Received Import Request.
  Time since last request: 134.797989 seconds.
  path: Assets/Characters/klee/klee_fb.fbx
  artifactKey: Guid(eeca31d48be6bd941ac3698a1be3a949) Importer(815301076,1909f56bfc062723c751e8b465ee728b)
Start importing Assets/Characters/klee/klee_fb.fbx using Guid(eeca31d48be6bd941ac3698a1be3a949) Importer(815301076,1909f56bfc062723c751e8b465ee728b)  -> (artifact id: '2ba375cfabddfbe661d096b42c29140a') in 0.192623 seconds
Number of updated asset objects reloaded before import = 0
Number of asset objects unloaded after import = 824
========================================================================
Received Import Request.
  Time since last request: 140.151552 seconds.
  path: Assets/Characters/klee/klee_fb.fbx
  artifactKey: Guid(eeca31d48be6bd941ac3698a1be3a949) Importer(815301076,1909f56bfc062723c751e8b465ee728b)
Start importing Assets/Characters/klee/klee_fb.fbx using Guid(eeca31d48be6bd941ac3698a1be3a949) Importer(815301076,1909f56bfc062723c751e8b465ee728b)  -> (artifact id: '4dedd1d5bb0221e3d8db3122494ff0cf') in 0.908058 seconds
Number of updated asset objects reloaded before import = 0
Number of asset objects unloaded after import = 824
========================================================================
Received Import Request.
  Time since last request: 50.417797 seconds.
  path: Assets/Prefabs/klee_fb Variant.prefab
  artifactKey: Guid(f78a7e45eb60ae544bf6dccf44d3b640) Importer(815301076,1909f56bfc062723c751e8b465ee728b)
Start importing Assets/Prefabs/klee_fb Variant.prefab using Guid(f78a7e45eb60ae544bf6dccf44d3b640) Importer(815301076,1909f56bfc062723c751e8b465ee728b)  -> (artifact id: 'b7e081c923acdb4007f87f0e621b8a19') in 0.291065 seconds
Number of updated asset objects reloaded before import = 0
Number of asset objects unloaded after import = 1641
========================================================================
Received Import Request.
  Time since last request: 0.000026 seconds.
  path: Assets/Prefabs/mona Variant.prefab
  artifactKey: Guid(59fe006b13f26df46ae6f82af2a24ae9) Importer(815301076,1909f56bfc062723c751e8b465ee728b)
Start importing Assets/Prefabs/mona Variant.prefab using Guid(59fe006b13f26df46ae6f82af2a24ae9) Importer(815301076,1909f56bfc062723c751e8b465ee728b)  -> (artifact id: '5a778c7e6fb9cd8cf8a52d92d26f4de1') in 0.344263 seconds
Number of updated asset objects reloaded before import = 0
Number of asset objects unloaded after import = 1452
