Using pre-set license
Built from '2022.3/release' branch; Version is '2022.3.5f1 (9674261d40ee) revision 9860134'; Using compiler version '192829333'; Build Type 'Release'
OS: 'Windows 10  (10.0.19045) 64bit Professional' Language: 'es' Physical Memory: 16249 MB
BatchMode: 1, IsHumanControllingUs: 0, StartBugReporterOnCrash: 0, Is64bit: 1, IsPro: 1

COMMAND LINE ARGUMENTS:
D:\ProgramasProgramar\Unity Editor\2022.3.5f1\Editor\Unity.exe
-adb2
-batchMode
-noUpm
-name
AssetImportWorker0
-projectPath
C:/Users/gaboe/OneDrive/Escritorio/Proyectos Personales/RA_GI_3D
-logFile
Logs/AssetImportWorker0.log
-srvPort
62577
Successfully changed project path to: C:/Users/gaboe/OneDrive/Escritorio/Proyectos Personales/RA_GI_3D
C:/Users/gaboe/OneDrive/Escritorio/Proyectos Personales/RA_GI_3D
[UnityMemory] Configuration Parameters - Can be set up in boot.config
    "memorysetup-bucket-allocator-granularity=16"
    "memorysetup-bucket-allocator-bucket-count=8"
    "memorysetup-bucket-allocator-block-size=33554432"
    "memorysetup-bucket-allocator-block-count=8"
    "memorysetup-main-allocator-block-size=16777216"
    "memorysetup-thread-allocator-block-size=16777216"
    "memorysetup-gfx-main-allocator-block-size=16777216"
    "memorysetup-gfx-thread-allocator-block-size=16777216"
    "memorysetup-cache-allocator-block-size=4194304"
    "memorysetup-typetree-allocator-block-size=2097152"
    "memorysetup-profiler-bucket-allocator-granularity=16"
    "memorysetup-profiler-bucket-allocator-bucket-count=8"
    "memorysetup-profiler-bucket-allocator-block-size=33554432"
    "memorysetup-profiler-bucket-allocator-block-count=8"
    "memorysetup-profiler-allocator-block-size=16777216"
    "memorysetup-profiler-editor-allocator-block-size=1048576"
    "memorysetup-temp-allocator-size-main=16777216"
    "memorysetup-job-temp-allocator-block-size=2097152"
    "memorysetup-job-temp-allocator-block-size-background=1048576"
    "memorysetup-job-temp-allocator-reduction-small-platforms=262144"
    "memorysetup-allocator-temp-initial-block-size-main=262144"
    "memorysetup-allocator-temp-initial-block-size-worker=262144"
    "memorysetup-temp-allocator-size-background-worker=32768"
    "memorysetup-temp-allocator-size-job-worker=262144"
    "memorysetup-temp-allocator-size-preload-manager=33554432"
    "memorysetup-temp-allocator-size-nav-mesh-worker=65536"
    "memorysetup-temp-allocator-size-audio-worker=65536"
    "memorysetup-temp-allocator-size-cloud-worker=32768"
    "memorysetup-temp-allocator-size-gi-baking-worker=262144"
    "memorysetup-temp-allocator-size-gfx=262144"
Player connection [7712] Host "[IP] 192.168.1.87 [Port] 0 [Flags] 2 [Guid] 1575868882 [EditorId] 1575868882 [Version] 1048832 [Id] WindowsEditor(7,DESKTOP-86D8R87) [Debug] 1 [PackageName] WindowsEditor [ProjectName] Editor" joined multi-casting on [225.0.0.222:54997]...

Player connection [7712] Host "[IP] 192.168.1.87 [Port] 0 [Flags] 2 [Guid] 1575868882 [EditorId] 1575868882 [Version] 1048832 [Id] WindowsEditor(7,DESKTOP-86D8R87) [Debug] 1 [PackageName] WindowsEditor [ProjectName] Editor" joined alternative multi-casting on [225.0.0.222:34997]...

Refreshing native plugins compatible for Editor in 29.12 ms, found 3 plugins.
Preloading 0 native plugins for Editor in 0.00 ms.
Initialize engine version: 2022.3.5f1 (9674261d40ee)
[Subsystems] Discovering subsystems at path D:/ProgramasProgramar/Unity Editor/2022.3.5f1/Editor/Data/Resources/UnitySubsystems
[Subsystems] Discovering subsystems at path C:/Users/gaboe/OneDrive/Escritorio/Proyectos Personales/RA_GI_3D/Assets
GfxDevice: creating device client; threaded=0; jobified=0
Direct3D:
    Version:  Direct3D 11.0 [level 11.1]
    Renderer: NVIDIA GeForce GTX 1050 Ti (ID=0x1c82)
    Vendor:   NVIDIA
    VRAM:     4017 MB
    Driver:   31.0.15.3640
Initialize mono
Mono path[0] = 'D:/ProgramasProgramar/Unity Editor/2022.3.5f1/Editor/Data/Managed'
Mono path[1] = 'D:/ProgramasProgramar/Unity Editor/2022.3.5f1/Editor/Data/MonoBleedingEdge/lib/mono/unityjit-win32'
Mono config path = 'D:/ProgramasProgramar/Unity Editor/2022.3.5f1/Editor/Data/MonoBleedingEdge/etc'
Using monoOptions --debugger-agent=transport=dt_socket,embedding=1,server=y,suspend=n,address=127.0.0.1:56412
Begin MonoManager ReloadAssembly
Registering precompiled unity dll's ...
Register platform support module: D:/ProgramasProgramar/Unity Editor/2022.3.5f1/Editor/Data/PlaybackEngines/WindowsStandaloneSupport/UnityEditor.WindowsStandalone.Extensions.dll
Registered in 0.009457 seconds.
- Loaded All Assemblies, in  0.731 seconds
Native extension for WindowsStandalone target not found
Mono: successfully reloaded assembly
- Finished resetting the current domain, in  0.786 seconds
Domain Reload Profiling: 1516ms
	BeginReloadAssembly (177ms)
		ExecutionOrderSort (0ms)
		DisableScriptedObjects (0ms)
		BackupInstance (0ms)
		ReleaseScriptingObjects (0ms)
		CreateAndSetChildDomain (2ms)
	RebuildCommonClasses (74ms)
	RebuildNativeTypeToScriptingClass (28ms)
	initialDomainReloadingComplete (140ms)
	LoadAllAssembliesAndSetupDomain (311ms)
		LoadAssemblies (173ms)
		RebuildTransferFunctionScriptingTraits (0ms)
		AnalyzeDomain (306ms)
			TypeCache.Refresh (304ms)
				TypeCache.ScanAssembly (280ms)
			ScanForSourceGeneratedMonoScriptInfo (1ms)
			ResolveRequiredComponents (1ms)
	FinalizeReload (787ms)
		ReleaseScriptCaches (0ms)
		RebuildScriptCaches (0ms)
		SetupLoadedEditorAssemblies (662ms)
			LogAssemblyErrors (0ms)
			InitializePlatformSupportModulesInManaged (16ms)
			SetLoadedEditorAssemblies (17ms)
			RefreshPlugins (0ms)
			BeforeProcessingInitializeOnLoad (4ms)
			ProcessInitializeOnLoadAttributes (328ms)
			ProcessInitializeOnLoadMethodAttributes (296ms)
			AfterProcessingInitializeOnLoad (0ms)
			EditorAssembliesLoaded (0ms)
		ExecutionOrderSort2 (0ms)
		AwakeInstancesAfterBackupRestoration (0ms)
========================================================================
Worker process is ready to serve import requests
Begin MonoManager ReloadAssembly
Symbol file LoadedFromMemory doesn't match image C:\Users\gaboe\OneDrive\Escritorio\Proyectos Personales\RA_GI_3D\Library\PackageCache\com.unity.visualscripting@1.8.0\Editor\VisualScripting.Core\Dependencies\YamlDotNet\Unity.VisualScripting.YamlDotNet.dll
Symbol file LoadedFromMemory doesn't match image C:\Users\gaboe\OneDrive\Escritorio\Proyectos Personales\RA_GI_3D\Library\PackageCache\com.unity.visualscripting@1.8.0\Editor\VisualScripting.Core\Dependencies\DotNetZip\Unity.VisualScripting.IonicZip.dll
- Loaded All Assemblies, in  1.532 seconds
Refreshing native plugins compatible for Editor in 7.74 ms, found 3 plugins.
Native extension for WindowsStandalone target not found
Mono: successfully reloaded assembly
- Finished resetting the current domain, in  1.316 seconds
Domain Reload Profiling: 2847ms
	BeginReloadAssembly (301ms)
		ExecutionOrderSort (0ms)
		DisableScriptedObjects (20ms)
		BackupInstance (0ms)
		ReleaseScriptingObjects (0ms)
		CreateAndSetChildDomain (43ms)
	RebuildCommonClasses (73ms)
	RebuildNativeTypeToScriptingClass (26ms)
	initialDomainReloadingComplete (87ms)
	LoadAllAssembliesAndSetupDomain (1039ms)
		LoadAssemblies (498ms)
		RebuildTransferFunctionScriptingTraits (0ms)
		AnalyzeDomain (676ms)
			TypeCache.Refresh (640ms)
				TypeCache.ScanAssembly (611ms)
			ScanForSourceGeneratedMonoScriptInfo (27ms)
			ResolveRequiredComponents (8ms)
	FinalizeReload (1320ms)
		ReleaseScriptCaches (0ms)
		RebuildScriptCaches (0ms)
		SetupLoadedEditorAssemblies (919ms)
			LogAssemblyErrors (0ms)
			InitializePlatformSupportModulesInManaged (10ms)
			SetLoadedEditorAssemblies (9ms)
			RefreshPlugins (0ms)
			BeforeProcessingInitializeOnLoad (132ms)
			ProcessInitializeOnLoadAttributes (716ms)
			ProcessInitializeOnLoadMethodAttributes (46ms)
			AfterProcessingInitializeOnLoad (7ms)
			EditorAssembliesLoaded (0ms)
		ExecutionOrderSort2 (0ms)
		AwakeInstancesAfterBackupRestoration (17ms)
Launched and connected shader compiler UnityShaderCompiler.exe after 0.19 seconds
Refreshing native plugins compatible for Editor in 10.36 ms, found 3 plugins.
Preloading 0 native plugins for Editor in 0.00 ms.
Unloading 3066 Unused Serialized files (Serialized files now loaded: 0)
Unloading 31 unused Assets / (56.4 KB). Loaded Objects now: 3530.
Memory consumption went from 116.2 MB to 116.1 MB.
Total: 5.622300 ms (FindLiveObjects: 0.873700 ms CreateObjectMapping: 0.421700 ms MarkObjects: 4.214700 ms  DeleteObjects: 0.111000 ms)

AssetImportParameters requested are different than current active one (requested -> active):
  custom:container-demuxer-ogg: 62fdf1f143b41e24485cea50d1cbac27 -> 
  custom:video-decoder-ogg-theora: a1e56fd34408186e4bbccfd4996cb3dc -> 
  custom:framework-win-MediaFoundation: 216162199b28c13a410421893ffa2e32 -> 
  custom:container-demuxer-webm: 4f35f7cbe854078d1ac9338744f61a02 -> 
  custom:container-muxer-webm: aa71ff27fc2769a1b78a27578f13a17b -> 
  custom:video-decoder-webm-vp8: 9c59270c3fd7afecdb556c50c9e8de78 -> 
  custom:AudioImporter_EditorPlatform: d09bf68614088b80899f8185d706f6e7 -> 
  custom:video-encoder-webm-vp8: eb34c28f22e8b96e1ab97ce403110664 -> 
  custom:audio-decoder-ogg-vorbis: bf7c407c2cedff20999df2af8eb42d56 -> 
  custom:audio-encoder-webm-vorbis: bf7c407c2cedff20999df2af8eb42d56 -> 
========================================================================
Received Import Request.
  Time since last request: 171972.780419 seconds.
  path: Assets/Characters/Animation/Female Walk.fbx
  artifactKey: Guid(2c2fd5bccf45f5545af8b2eedbc25115) Importer(815301076,1909f56bfc062723c751e8b465ee728b)
Start importing Assets/Characters/Animation/Female Walk.fbx using Guid(2c2fd5bccf45f5545af8b2eedbc25115) Importer(815301076,1909f56bfc062723c751e8b465ee728b)  -> (artifact id: 'a6ad31e0ffde057bcdd8e22d0c452720') in 0.519547 seconds
Number of updated asset objects reloaded before import = 0
Number of asset objects unloaded after import = 147
========================================================================
Received Import Request.
  Time since last request: 26.127564 seconds.
  path: Assets/Characters/Animation/Snake Hip Hop Dance.fbx
  artifactKey: Guid(7359757a83a40d749b8fbfdeb6c33712) Importer(815301076,1909f56bfc062723c751e8b465ee728b)
Start importing Assets/Characters/Animation/Snake Hip Hop Dance.fbx using Guid(7359757a83a40d749b8fbfdeb6c33712) Importer(815301076,1909f56bfc062723c751e8b465ee728b)  -> (artifact id: '4275def88c594baeda9bd050524e44a3') in 0.148240 seconds
Number of updated asset objects reloaded before import = 0
Number of asset objects unloaded after import = 145
========================================================================
Received Prepare
Refreshing native plugins compatible for Editor in 8.86 ms, found 3 plugins.
Preloading 0 native plugins for Editor in 0.00 ms.
Unloading 0 Unused Serialized files (Serialized files now loaded: 0)
Unloading 1 unused Assets / (0.8 KB). Loaded Objects now: 3576.
Memory consumption went from 74.2 MB to 74.2 MB.
Total: 8.606600 ms (FindLiveObjects: 0.325300 ms CreateObjectMapping: 0.280000 ms MarkObjects: 7.979400 ms  DeleteObjects: 0.020900 ms)

Prepare: number of updated asset objects reloaded= 0
AssetImportParameters requested are different than current active one (requested -> active):
  custom:container-demuxer-ogg: 62fdf1f143b41e24485cea50d1cbac27 -> 
  custom:video-decoder-ogg-theora: a1e56fd34408186e4bbccfd4996cb3dc -> 
  custom:framework-win-MediaFoundation: 216162199b28c13a410421893ffa2e32 -> 
  custom:CustomObjectIndexerAttribute: 756ad292c208cfabdd7b50bc23989ffe -> 
  custom:container-demuxer-webm: 4f35f7cbe854078d1ac9338744f61a02 -> 
  custom:container-muxer-webm: aa71ff27fc2769a1b78a27578f13a17b -> 
  custom:video-decoder-webm-vp8: 9c59270c3fd7afecdb556c50c9e8de78 -> 
  custom:AudioImporter_EditorPlatform: d09bf68614088b80899f8185d706f6e7 -> 
  custom:video-encoder-webm-vp8: eb34c28f22e8b96e1ab97ce403110664 -> 
  custom:audio-decoder-ogg-vorbis: bf7c407c2cedff20999df2af8eb42d56 -> 
  custom:audio-encoder-webm-vorbis: bf7c407c2cedff20999df2af8eb42d56 -> 
========================================================================
Received Import Request.
  Time since last request: 11.994575 seconds.
  path: Assets/Characters/Animation/Female Standing Pose.fbx
  artifactKey: Guid(d278e358031215c48b51dc9064abb39d) Importer(815301076,1909f56bfc062723c751e8b465ee728b)
Start importing Assets/Characters/Animation/Female Standing Pose.fbx using Guid(d278e358031215c48b51dc9064abb39d) Importer(815301076,1909f56bfc062723c751e8b465ee728b)  -> (artifact id: 'b03ce367e78de2836688768b387ff017') in 0.228427 seconds
Number of updated asset objects reloaded before import = 0
Number of asset objects unloaded after import = 145
========================================================================
Received Import Request.
  Time since last request: 29.048412 seconds.
  path: Assets/Characters/Animation/Female Standing Pose (1).fbx
  artifactKey: Guid(3c2218c8f4067ee4ebd909c0709f15cd) Importer(815301076,1909f56bfc062723c751e8b465ee728b)
Start importing Assets/Characters/Animation/Female Standing Pose (1).fbx using Guid(3c2218c8f4067ee4ebd909c0709f15cd) Importer(815301076,1909f56bfc062723c751e8b465ee728b)  -> (artifact id: '097ad35f92d37a88b064630b022f20a9') in 0.167795 seconds
Number of updated asset objects reloaded before import = 0
Number of asset objects unloaded after import = 145
========================================================================
Received Import Request.
  Time since last request: 11.934861 seconds.
  path: Assets/Characters/Animation/Female Standing Pose 1.fbx
  artifactKey: Guid(3c2218c8f4067ee4ebd909c0709f15cd) Importer(815301076,1909f56bfc062723c751e8b465ee728b)
Start importing Assets/Characters/Animation/Female Standing Pose 1.fbx using Guid(3c2218c8f4067ee4ebd909c0709f15cd) Importer(815301076,1909f56bfc062723c751e8b465ee728b)  -> (artifact id: '9fb02d187a617382ffae08b1933dbeb5') in 0.314436 seconds
Number of updated asset objects reloaded before import = 0
Number of asset objects unloaded after import = 145
========================================================================
Received Import Request.
  Time since last request: 71.557911 seconds.
  path: Assets/Characters/Animation/Female Walk (2).fbx
  artifactKey: Guid(1db7e398127366f4498b49ea9f5d6268) Importer(815301076,1909f56bfc062723c751e8b465ee728b)
Start importing Assets/Characters/Animation/Female Walk (2).fbx using Guid(1db7e398127366f4498b49ea9f5d6268) Importer(815301076,1909f56bfc062723c751e8b465ee728b)  -> (artifact id: '7399b62d817f3be4479b4ea7a05a8013') in 0.139672 seconds
Number of updated asset objects reloaded before import = 0
Number of asset objects unloaded after import = 145
========================================================================
Received Import Request.
  Time since last request: 8.641211 seconds.
  path: Assets/Characters/Animation/Female Walk.fbx
  artifactKey: Guid(1db7e398127366f4498b49ea9f5d6268) Importer(815301076,1909f56bfc062723c751e8b465ee728b)
Start importing Assets/Characters/Animation/Female Walk.fbx using Guid(1db7e398127366f4498b49ea9f5d6268) Importer(815301076,1909f56bfc062723c751e8b465ee728b)  -> (artifact id: '96fe201dda871efdcaf2a664a4ab7e9a') in 0.187784 seconds
Number of updated asset objects reloaded before import = 0
Number of asset objects unloaded after import = 145
========================================================================
Received Import Request.
  Time since last request: 60.489837 seconds.
  path: Assets/Characters/Animation/Snake Hip Hop Dance.fbx
  artifactKey: Guid(7359757a83a40d749b8fbfdeb6c33712) Importer(815301076,1909f56bfc062723c751e8b465ee728b)
Start importing Assets/Characters/Animation/Snake Hip Hop Dance.fbx using Guid(7359757a83a40d749b8fbfdeb6c33712) Importer(815301076,1909f56bfc062723c751e8b465ee728b)  -> (artifact id: '947a1fbc2246cbd73e97ac156be1da9e') in 0.177337 seconds
Number of updated asset objects reloaded before import = 0
Number of asset objects unloaded after import = 147
========================================================================
Received Import Request.
  Time since last request: 7.166148 seconds.
  path: Assets/Characters/Animation/Female Walk.fbx
  artifactKey: Guid(1db7e398127366f4498b49ea9f5d6268) Importer(815301076,1909f56bfc062723c751e8b465ee728b)
Start importing Assets/Characters/Animation/Female Walk.fbx using Guid(1db7e398127366f4498b49ea9f5d6268) Importer(815301076,1909f56bfc062723c751e8b465ee728b)  -> (artifact id: '3cabf0b0f615d57213509d13affbe26c') in 0.146873 seconds
Number of updated asset objects reloaded before import = 0
Number of asset objects unloaded after import = 147
========================================================================
Received Import Request.
  Time since last request: 7.188444 seconds.
  path: Assets/Characters/Animation/Female Standing Pose 1.fbx
  artifactKey: Guid(3c2218c8f4067ee4ebd909c0709f15cd) Importer(815301076,1909f56bfc062723c751e8b465ee728b)
Start importing Assets/Characters/Animation/Female Standing Pose 1.fbx using Guid(3c2218c8f4067ee4ebd909c0709f15cd) Importer(815301076,1909f56bfc062723c751e8b465ee728b)  -> (artifact id: '24f0142545b3112b395f5e9222d1f41b') in 0.772018 seconds
Number of updated asset objects reloaded before import = 0
Number of asset objects unloaded after import = 147
========================================================================
Received Import Request.
  Time since last request: 4.535976 seconds.
  path: Assets/Characters/Animation/Female Standing Pose.fbx
  artifactKey: Guid(d278e358031215c48b51dc9064abb39d) Importer(815301076,1909f56bfc062723c751e8b465ee728b)
Start importing Assets/Characters/Animation/Female Standing Pose.fbx using Guid(d278e358031215c48b51dc9064abb39d) Importer(815301076,1909f56bfc062723c751e8b465ee728b)  -> (artifact id: '5a0882c792302384fa5077420e7f83fe') in 0.142099 seconds
Number of updated asset objects reloaded before import = 0
Number of asset objects unloaded after import = 147
